<?xml version="1.0" encoding="UTF-8"?>
<!-- Generated by org.testng.reporters.JUnitReportReporter -->
<testsuite hostname="LAPTOP-P2N3L9Q1" failures="0" tests="1" name="vtiger.ContactsPOM.CreateContactMandatoryTest" time="6.720" errors="0" timestamp="2022-09-11T13:54:38 IST" skipped="0">
  <testcase classname="vtiger.ContactsPOM.CreateContactMandatoryTest" name="createConMandatoryTest" time="6.720"/>
  <system-out/>
</testsuite> <!-- vtiger.ContactsPOM.CreateContactMandatoryTest -->
