<?xml version="1.0" encoding="UTF-8"?>
<!-- Generated by org.testng.reporters.JUnitReportReporter -->
<testsuite hostname="LAPTOP-P2N3L9Q1" failures="0" tests="1" name="vtiger.ProductsPOM.CreateNewVendorsTest" time="14.432" errors="0" timestamp="2022-08-29T12:04:01 IST" skipped="0">
  <testcase classname="vtiger.ProductsPOM.CreateNewVendorsTest" name="CreateVendorTest" time="14.432"/>
  <system-out/>
</testsuite> <!-- vtiger.ProductsPOM.CreateNewVendorsTest -->
