<?xml version="1.0" encoding="UTF-8"?>
<!-- Generated by org.testng.reporters.JUnitReportReporter -->
<testsuite hostname="LAPTOP-P2N3L9Q1" failures="0" tests="1" name="vtiger.OrganizationsPOM.CreateOrgIndTypePOMTest" time="6.910" errors="0" timestamp="2022-09-11T13:31:38 IST" skipped="0">
  <testcase classname="vtiger.OrganizationsPOM.CreateOrgIndTypePOMTest" name="CreateOrganizationTypeTest" time="6.910"/>
  <system-out/>
</testsuite> <!-- vtiger.OrganizationsPOM.CreateOrgIndTypePOMTest -->
