<?xml version="1.0" encoding="UTF-8"?>
<!-- Generated by org.testng.reporters.JUnitReportReporter -->
<testsuite hostname="LAPTOP-P2N3L9Q1" failures="0" tests="1" name="vtiger.OrganizationsTests.CreateOrgIndTypePOMTest" time="15.382" errors="0" timestamp="2022-09-12T10:41:17 IST" skipped="0">
  <testcase classname="vtiger.OrganizationsTests.CreateOrgIndTypePOMTest" name="CreateOrganizationTypeTest" time="15.382"/>
  <system-out/>
</testsuite> <!-- vtiger.OrganizationsTests.CreateOrgIndTypePOMTest -->
