<?xml version="1.0" encoding="UTF-8"?>
<!-- Generated by org.testng.reporters.JUnitReportReporter -->
<testsuite hostname="LAPTOP-P2N3L9Q1" failures="0" tests="9" name="vtiger.OrganizationTests.CreateMultipleOrgTest" time="175.879" errors="0" timestamp="2022-09-11T13:05:46 IST" skipped="0">
  <testcase classname="vtiger.OrganizationTests.CreateMultipleOrgTest" name="createMultiOrgTest" time="19.689"/>
  <system-out/>
  <testcase classname="vtiger.OrganizationTests.CreateMultipleOrgTest" name="createMultiOrgTest" time="19.637"/>
  <system-out/>
  <testcase classname="vtiger.OrganizationTests.CreateMultipleOrgTest" name="createMultiOrgTest" time="19.705"/>
  <system-out/>
  <testcase classname="vtiger.OrganizationTests.CreateMultipleOrgTest" name="createMultiOrgTest" time="20.076"/>
  <system-out/>
  <testcase classname="vtiger.OrganizationTests.CreateMultipleOrgTest" name="createMultiOrgTest" time="20.069"/>
  <system-out/>
  <testcase classname="vtiger.OrganizationTests.CreateMultipleOrgTest" name="createMultiOrgTest" time="19.669"/>
  <system-out/>
  <testcase classname="vtiger.OrganizationTests.CreateMultipleOrgTest" name="createMultiOrgTest" time="18.217"/>
  <system-out/>
  <testcase classname="vtiger.OrganizationTests.CreateMultipleOrgTest" name="createMultiOrgTest" time="19.564"/>
  <system-out/>
  <testcase classname="vtiger.OrganizationTests.CreateMultipleOrgTest" name="createMultiOrgTest" time="19.253"/>
  <system-out/>
</testsuite> <!-- vtiger.OrganizationTests.CreateMultipleOrgTest -->
