<?xml version="1.0" encoding="UTF-8"?>
<!-- Generated by org.testng.reporters.JUnitReportReporter -->
<testsuite hostname="LAPTOP-P2N3L9Q1" failures="0" tests="1" name="vtiger.OrganizationsPOM.CreateOrganizationMandatoryPOMTestBCTest" time="6.915" errors="0" timestamp="2022-09-11T14:00:55 IST" skipped="0">
  <testcase classname="vtiger.OrganizationsPOM.CreateOrganizationMandatoryPOMTestBCTest" name="CreateOrgMandatoryTest" time="6.915"/>
  <system-out/>
</testsuite> <!-- vtiger.OrganizationsPOM.CreateOrganizationMandatoryPOMTestBCTest -->
