<?xml version="1.0" encoding="UTF-8"?>
<!-- Generated by org.testng.reporters.JUnitReportReporter -->
<testsuite hostname="LAPTOP-P2N3L9Q1" failures="0" tests="1" name="vtiger.ContactTests.CreateContactWithOrganizationTest" time="26.666" errors="0" timestamp="2022-09-12T10:41:17 IST" skipped="0">
  <testcase classname="vtiger.ContactTests.CreateContactWithOrganizationTest" name="createConOrgTest" time="26.666"/>
  <system-out/>
</testsuite> <!-- vtiger.ContactTests.CreateContactWithOrganizationTest -->
