<?xml version="1.0" encoding="UTF-8"?>
<!-- Generated by org.testng.reporters.JUnitReportReporter -->
<testsuite hostname="LAPTOP-P2N3L9Q1" failures="0" tests="1" name="vtiger.ProductsTests.CreateProductsTest" time="15.494" errors="0" timestamp="2022-09-11T18:44:45 IST" skipped="0">
  <testcase classname="vtiger.ProductsTests.CreateProductsTest" name="CreateNewProdTest" time="15.494"/>
  <system-out/>
</testsuite> <!-- vtiger.ProductsTests.CreateProductsTest -->
