<?xml version="1.0" encoding="UTF-8"?>
<!-- Generated by org.testng.reporters.JUnitReportReporter -->
<testsuite hostname="LAPTOP-P2N3L9Q1" failures="0" tests="1" name="vtiger.OrganizationsPOM.CreateOrganizationMandatoryPOMTestBC" time="6.919" errors="0" timestamp="2022-09-09T12:03:37 IST" skipped="0">
  <testcase classname="vtiger.OrganizationsPOM.CreateOrganizationMandatoryPOMTestBC" name="CreateOrgMandatoryTest" time="6.919"/>
  <system-out/>
</testsuite> <!-- vtiger.OrganizationsPOM.CreateOrganizationMandatoryPOMTestBC -->
