<?xml version="1.0" encoding="UTF-8"?>
<!-- Generated by org.testng.reporters.JUnitReportReporter -->
<testsuite hostname="LAPTOP-P2N3L9Q1" failures="0" tests="1" name="vtiger.ContactsPOM.CreateContactWithOrganizationTest" time="11.572" errors="0" timestamp="2022-09-11T13:56:28 IST" skipped="0">
  <testcase classname="vtiger.ContactsPOM.CreateContactWithOrganizationTest" name="createConOrgTest" time="11.572"/>
  <system-out/>
</testsuite> <!-- vtiger.ContactsPOM.CreateContactWithOrganizationTest -->
