<?xml version="1.0" encoding="UTF-8"?>
<!-- Generated by org.testng.reporters.JUnitReportReporter -->
<testsuite hostname="LAPTOP-P2N3L9Q1" failures="0" tests="1" name="vtiger.ContactsPOM.CreateContactWithOrganizationPOMTest" time="11.672" errors="0" timestamp="2022-09-11T13:51:45 IST" skipped="0">
  <testcase classname="vtiger.ContactsPOM.CreateContactWithOrganizationPOMTest" name="CreateConOrgTest" time="11.672"/>
  <system-out/>
</testsuite> <!-- vtiger.ContactsPOM.CreateContactWithOrganizationPOMTest -->
