<?xml version="1.0" encoding="UTF-8"?>
<!-- Generated by org.testng.reporters.JUnitReportReporter -->
<testsuite hostname="LAPTOP-P2N3L9Q1" failures="0" tests="1" name="vtiger.ContactsPOM.CreateContactMandatoryPOMTest" time="11.000" errors="0" timestamp="2022-09-11T13:32:46 IST" skipped="0">
  <testcase classname="vtiger.ContactsPOM.CreateContactMandatoryPOMTest" name="CreateConMandatoryTest" time="11.000"/>
  <system-out/>
</testsuite> <!-- vtiger.ContactsPOM.CreateContactMandatoryPOMTest -->
