<?xml version="1.0" encoding="UTF-8"?>
<!-- Generated by org.testng.reporters.JUnitReportReporter -->
<testsuite hostname="LAPTOP-P2N3L9Q1" failures="0" tests="1" name="vtiger.ProductsPOM.CreateProductWithVendorTest" time="15.497" errors="0" timestamp="2022-08-29T12:48:33 IST" skipped="0">
  <testcase classname="vtiger.ProductsPOM.CreateProductWithVendorTest" name="CreateProdVendorTest" time="15.497"/>
  <system-out/>
</testsuite> <!-- vtiger.ProductsPOM.CreateProductWithVendorTest -->
